[2025-04-16T06:28:48.291+0000] {local_task_job_runner.py:123} INFO - ::group::Pre task execution logs
[2025-04-16T06:28:48.300+0000] {taskinstance.py:2614} INFO - Dependencies all met for dep_context=non-requeueable deps ti=<TaskInstance: bq_insert_data.insert_sample_rows manual__2025-04-16T06:28:44.093679+00:00 [queued]>
[2025-04-16T06:28:48.304+0000] {taskinstance.py:2614} INFO - Dependencies all met for dep_context=requeueable deps ti=<TaskInstance: bq_insert_data.insert_sample_rows manual__2025-04-16T06:28:44.093679+00:00 [queued]>
[2025-04-16T06:28:48.305+0000] {taskinstance.py:2867} INFO - Starting attempt 1 of 1
[2025-04-16T06:28:48.315+0000] {taskinstance.py:2890} INFO - Executing <Task(BigQueryInsertJobOperator): insert_sample_rows> on 2025-04-16 06:28:44.093679+00:00
[2025-04-16T06:28:48.318+0000] {standard_task_runner.py:72} INFO - Started process 12882 to run task
[2025-04-16T06:28:48.322+0000] {standard_task_runner.py:104} INFO - Running: ['airflow', 'tasks', 'run', 'bq_insert_data', 'insert_sample_rows', 'manual__2025-04-16T06:28:44.093679+00:00', '--job-id', '5', '--raw', '--subdir', 'DAGS_FOLDER/bq.py', '--cfg-path', '/tmp/tmpck_ibf4_']
[2025-04-16T06:28:48.322+0000] {standard_task_runner.py:105} INFO - Job 5: Subtask insert_sample_rows
[2025-04-16T06:28:48.354+0000] {task_command.py:467} INFO - Running <TaskInstance: bq_insert_data.insert_sample_rows manual__2025-04-16T06:28:44.093679+00:00 [running]> on host sample.us-east1-b.c.adq-get-project.internal
[2025-04-16T06:28:48.399+0000] {taskinstance.py:3134} INFO - Exporting env vars: AIRFLOW_CTX_DAG_OWNER='airflow' AIRFLOW_CTX_DAG_ID='bq_insert_data' AIRFLOW_CTX_TASK_ID='insert_sample_rows' AIRFLOW_CTX_EXECUTION_DATE='2025-04-16T06:28:44.093679+00:00' AIRFLOW_CTX_TRY_NUMBER='1' AIRFLOW_CTX_DAG_RUN_ID='manual__2025-04-16T06:28:44.093679+00:00'
[2025-04-16T06:28:48.400+0000] {logging_mixin.py:190} INFO - Task instance is in running state
[2025-04-16T06:28:48.400+0000] {logging_mixin.py:190} INFO -  Previous state of the Task instance: queued
[2025-04-16T06:28:48.400+0000] {logging_mixin.py:190} INFO - Current task name:insert_sample_rows state:running start_date:2025-04-16 06:28:48.300488+00:00
[2025-04-16T06:28:48.400+0000] {logging_mixin.py:190} INFO - Dag name:bq_insert_data and current dag run status:running
[2025-04-16T06:28:48.400+0000] {taskinstance.py:732} INFO - ::endgroup::
[2025-04-16T06:28:48.404+0000] {connection.py:277} WARNING - Connection schemes (type: google_cloud_platform) shall not contain '_' according to RFC3986.
[2025-04-16T06:28:48.404+0000] {base.py:84} INFO - Retrieving connection 'google_cloud_default'
[2025-04-16T06:28:48.405+0000] {credentials_provider.py:402} INFO - Getting connection using `google.auth.default()` since no explicit credentials are provided.
[2025-04-16T06:28:48.412+0000] {bigquery.py:2959} INFO - Executing: {'query': {'query': "\n                    INSERT INTO `adq-get-project.sample_dataset.sample_table` (id, name, created_at)\n                    VALUES\n                      (1, 'Alice', CURRENT_TIMESTAMP()),\n                      (2, 'Bob', CURRENT_TIMESTAMP()),\n                      (3, 'Charlie', CURRENT_TIMESTAMP());\n                ", 'useLegacySql': False}}'
[2025-04-16T06:28:48.417+0000] {bigquery.py:1699} INFO - Inserting job airflow_bq_insert_data_insert_sample_rows_2025_04_16T06_28_44_093679_00_00_66d8986e3d675a7520b1231cbe44e2a8
[2025-04-16T06:28:50.622+0000] {taskinstance.py:341} INFO - ::group::Post task execution logs
[2025-04-16T06:28:50.622+0000] {taskinstance.py:353} INFO - Marking task as SUCCESS. dag_id=bq_insert_data, task_id=insert_sample_rows, run_id=manual__2025-04-16T06:28:44.093679+00:00, execution_date=20250416T062844, start_date=20250416T062848, end_date=20250416T062850
[2025-04-16T06:28:50.635+0000] {logging_mixin.py:190} INFO - Task instance in success state
[2025-04-16T06:28:50.636+0000] {logging_mixin.py:190} INFO -  Previous state of the Task instance: running
[2025-04-16T06:28:50.636+0000] {logging_mixin.py:190} INFO - Dag name:bq_insert_data queued_at:2025-04-16 06:28:44.118167+00:00
[2025-04-16T06:28:50.636+0000] {logging_mixin.py:190} INFO - Task hostname:sample.us-east1-b.c.adq-get-project.internal operator:BigQueryInsertJobOperator
[2025-04-16T06:28:50.662+0000] {local_task_job_runner.py:266} INFO - Task exited with return code 0
[2025-04-16T06:28:50.670+0000] {taskinstance.py:3901} INFO - 0 downstream tasks scheduled from follow-on schedule check
[2025-04-16T06:28:50.671+0000] {local_task_job_runner.py:245} INFO - ::endgroup::
